# JRE version: OpenJDK Runtime Environment (11.0.13) (build 11.0.13+0-b1751.21-8125866)
# Java VM: OpenJDK 64-Bit Server VM (11.0.13+0-b1751.21-8125866, mixed mode, tiered, compressed oops, g1 gc, windows-amd64)
Heap:
 garbage-first heap   total 129024K, used 58775K [0x0000000080000000, 0x0000000100000000)
  region size 1024K, 44 young (45056K), 4 survivors (4096K)
 Metaspace       used 30109K, capacity 30751K, committed 30976K, reserved 1075200K
  class space    used 3977K, capacity 4246K, committed 4352K, reserved 1048576K
GC Heap History (10 events):
Event: 1.099 GC heap before
{Heap before GC invocations=0 (full 0):
 garbage-first heap   total 129024K, used 16384K [0x0000000080000000, 0x0000000100000000)
  region size 1024K, 14 young (14336K), 0 survivors (0K)
 Metaspace       used 6745K, capacity 6989K, committed 7168K, reserved 1056768K
  class space    used 572K, capacity 650K, committed 768K, reserved 1048576K
}
Event: 1.104 GC heap after
{Heap after GC invocations=1 (full 0):
 garbage-first heap   total 129024K, used 4441K [0x0000000080000000, 0x0000000100000000)
  region size 1024K, 2 young (2048K), 2 survivors (2048K)
 Metaspace       used 6745K, capacity 6989K, committed 7168K, reserved 1056768K
  class space    used 572K, capacity 650K, committed 768K, reserved 1048576K
}
Event: 5.273 GC heap before
{Heap before GC invocations=1 (full 0):
 garbage-first heap   total 129024K, used 82265K [0x0000000080000000, 0x0000000100000000)
  region size 1024K, 75 young (76800K), 2 survivors (2048K)
 Metaspace       used 16409K, capacity 16748K, committed 16896K, reserved 1064960K
  class space    used 1856K, capacity 1970K, committed 2048K, reserved 1048576K
}
Event: 5.282 GC heap after
{Heap after GC invocations=2 (full 0):
 garbage-first heap   total 129024K, used 15741K [0x0000000080000000, 0x0000000100000000)
  region size 1024K, 10 young (10240K), 10 survivors (10240K)
 Metaspace       used 16409K, capacity 16748K, committed 16896K, reserved 1064960K
  class space    used 1856K, capacity 1970K, committed 2048K, reserved 1048576K
}
Event: 6.090 GC heap before
{Heap before GC invocations=2 (full 0):
 garbage-first heap   total 129024K, used 49533K [0x0000000080000000, 0x0000000100000000)
  region size 1024K, 44 young (45056K), 10 survivors (10240K)
 Metaspace       used 20427K, capacity 20879K, committed 21120K, reserved 1067008K
  class space    used 2479K, capacity 2646K, committed 2688K, reserved 1048576K
}
Event: 6.101 GC heap after
{Heap after GC invocations=3 (full 0):
 garbage-first heap   total 129024K, used 17024K [0x0000000080000000, 0x0000000100000000)
  region size 1024K, 2 young (2048K), 2 survivors (2048K)
 Metaspace       used 20427K, capacity 20879K, committed 21120K, reserved 1067008K
  class space    used 2479K, capacity 2646K, committed 2688K, reserved 1048576K
}
Event: 6.156 GC heap before
{Heap before GC invocations=3 (full 0):
 garbage-first heap   total 129024K, used 19072K [0x0000000080000000, 0x0000000100000000)
  region size 1024K, 5 young (5120K), 2 survivors (2048K)
 Metaspace       used 20818K, capacity 21189K, committed 21296K, reserved 1069056K
  class space    used 2526K, capacity 2688K, committed 2688K, reserved 1048576K
}
Event: 6.159 GC heap after
{Heap after GC invocations=4 (full 0):
 garbage-first heap   total 129024K, used 16992K [0x0000000080000000, 0x0000000100000000)
  region size 1024K, 2 young (2048K), 2 survivors (2048K)
 Metaspace       used 20818K, capacity 21189K, committed 21296K, reserved 1069056K
  class space    used 2526K, capacity 2688K, committed 2688K, reserved 1048576K
}
Event: 8.028 GC heap before
{Heap before GC invocations=5 (full 0):
 garbage-first heap   total 129024K, used 70240K [0x0000000080000000, 0x0000000100000000)
  region size 1024K, 54 young (55296K), 2 survivors (2048K)
 Metaspace       used 26536K, capacity 27143K, committed 27264K, reserved 1073152K
  class space    used 3430K, capacity 3638K, committed 3712K, reserved 1048576K
}
Event: 8.032 GC heap after
{Heap after GC invocations=6 (full 0):
 garbage-first heap   total 129024K, used 18839K [0x0000000080000000, 0x0000000100000000)
  region size 1024K, 4 young (4096K), 4 survivors (4096K)
 Metaspace       used 26536K, capacity 27143K, committed 27264K, reserved 1073152K
  class space    used 3430K, capacity 3638K, committed 3712K, reserved 1048576K
}

