# JRE version: OpenJDK Runtime Environment (11.0.13) (build 11.0.13+0-b1751.21-8125866)
# Java VM: OpenJDK 64-Bit Server VM (11.0.13+0-b1751.21-8125866, mixed mode, tiered, compressed oops, g1 gc, windows-amd64)
Heap:
 garbage-first heap   total 129024K, used 83143K [0x0000000080000000, 0x0000000100000000)
  region size 1024K, 25 young (25600K), 6 survivors (6144K)
 Metaspace       used 74758K, capacity 76538K, committed 76752K, reserved 1116160K
  class space    used 9678K, capacity 10303K, committed 10368K, reserved 1048576K
GC Heap History (20 events):
Event: 21.210 GC heap before
{Heap before GC invocations=7 (full 0):
 garbage-first heap   total 129024K, used 94158K [0x0000000080000000, 0x0000000100000000)
  region size 1024K, 74 young (75776K), 6 survivors (6144K)
 Metaspace       used 40664K, capacity 41621K, committed 41680K, reserved 1085440K
  class space    used 5111K, capacity 5453K, committed 5504K, reserved 1048576K
}
Event: 21.223 GC heap after
{Heap after GC invocations=8 (full 0):
 garbage-first heap   total 129024K, used 28923K [0x0000000080000000, 0x0000000100000000)
  region size 1024K, 10 young (10240K), 10 survivors (10240K)
 Metaspace       used 40664K, capacity 41621K, committed 41680K, reserved 1085440K
  class space    used 5111K, capacity 5453K, committed 5504K, reserved 1048576K
}
Event: 23.729 GC heap before
{Heap before GC invocations=8 (full 0):
 garbage-first heap   total 129024K, used 93435K [0x0000000080000000, 0x0000000100000000)
  region size 1024K, 73 young (74752K), 10 survivors (10240K)
 Metaspace       used 46273K, capacity 47459K, committed 47568K, reserved 1091584K
  class space    used 5860K, capacity 6263K, committed 6272K, reserved 1048576K
}
Event: 23.745 GC heap after
{Heap after GC invocations=9 (full 0):
 garbage-first heap   total 129024K, used 29743K [0x0000000080000000, 0x0000000100000000)
  region size 1024K, 3 young (3072K), 3 survivors (3072K)
 Metaspace       used 46273K, capacity 47459K, committed 47568K, reserved 1091584K
  class space    used 5860K, capacity 6263K, committed 6272K, reserved 1048576K
}
Event: 27.495 GC heap before
{Heap before GC invocations=9 (full 0):
 garbage-first heap   total 129024K, used 100399K [0x0000000080000000, 0x0000000100000000)
  region size 1024K, 68 young (69632K), 3 survivors (3072K)
 Metaspace       used 49329K, capacity 50677K, committed 50896K, reserved 1093632K
  class space    used 6215K, capacity 6679K, committed 6784K, reserved 1048576K
}
Event: 27.505 GC heap after
{Heap after GC invocations=10 (full 0):
 garbage-first heap   total 129024K, used 44683K [0x0000000080000000, 0x0000000100000000)
  region size 1024K, 9 young (9216K), 9 survivors (9216K)
 Metaspace       used 49329K, capacity 50677K, committed 50896K, reserved 1093632K
  class space    used 6215K, capacity 6679K, committed 6784K, reserved 1048576K
}
Event: 29.180 GC heap before
{Heap before GC invocations=10 (full 0):
 garbage-first heap   total 129024K, used 97931K [0x0000000080000000, 0x0000000100000000)
  region size 1024K, 61 young (62464K), 9 survivors (9216K)
 Metaspace       used 56944K, capacity 58336K, committed 58448K, reserved 1099776K
  class space    used 7109K, capacity 7628K, committed 7680K, reserved 1048576K
}
Event: 29.189 GC heap after
{Heap after GC invocations=11 (full 0):
 garbage-first heap   total 129024K, used 47186K [0x0000000080000000, 0x0000000100000000)
  region size 1024K, 3 young (3072K), 3 survivors (3072K)
 Metaspace       used 56944K, capacity 58336K, committed 58448K, reserved 1099776K
  class space    used 7109K, capacity 7628K, committed 7680K, reserved 1048576K
}
Event: 29.496 GC heap before
{Heap before GC invocations=11 (full 0):
 garbage-first heap   total 129024K, used 57426K [0x0000000080000000, 0x0000000100000000)
  region size 1024K, 14 young (14336K), 3 survivors (3072K)
 Metaspace       used 58721K, capacity 60201K, committed 60240K, reserved 1101824K
  class space    used 7367K, capacity 7909K, committed 7936K, reserved 1048576K
}
Event: 29.501 GC heap after
{Heap after GC invocations=12 (full 0):
 garbage-first heap   total 129024K, used 47580K [0x0000000080000000, 0x0000000100000000)
  region size 1024K, 3 young (3072K), 3 survivors (3072K)
 Metaspace       used 58721K, capacity 60201K, committed 60240K, reserved 1101824K
  class space    used 7367K, capacity 7909K, committed 7936K, reserved 1048576K
}
Event: 30.471 GC heap before
{Heap before GC invocations=13 (full 0):
 garbage-first heap   total 129024K, used 107996K [0x0000000080000000, 0x0000000100000000)
  region size 1024K, 55 young (56320K), 3 survivors (3072K)
 Metaspace       used 63054K, capacity 64571K, committed 64592K, reserved 1105920K
  class space    used 7901K, capacity 8441K, committed 8448K, reserved 1048576K
}
Event: 30.480 GC heap after
{Heap after GC invocations=14 (full 0):
 garbage-first heap   total 129024K, used 51978K [0x0000000080000000, 0x0000000100000000)
  region size 1024K, 7 young (7168K), 7 survivors (7168K)
 Metaspace       used 63054K, capacity 64571K, committed 64592K, reserved 1105920K
  class space    used 7901K, capacity 8441K, committed 8448K, reserved 1048576K
}
Event: 31.263 GC heap before
{Heap before GC invocations=14 (full 0):
 garbage-first heap   total 129024K, used 103178K [0x0000000080000000, 0x0000000100000000)
  region size 1024K, 56 young (57344K), 7 survivors (7168K)
 Metaspace       used 65519K, capacity 66994K, committed 67280K, reserved 1107968K
  class space    used 8246K, capacity 8787K, committed 8832K, reserved 1048576K
}
Event: 31.273 GC heap after
{Heap after GC invocations=15 (full 0):
 garbage-first heap   total 129024K, used 55879K [0x0000000080000000, 0x0000000100000000)
  region size 1024K, 4 young (4096K), 4 survivors (4096K)
 Metaspace       used 65519K, capacity 66994K, committed 67280K, reserved 1107968K
  class space    used 8246K, capacity 8787K, committed 8832K, reserved 1048576K
}
Event: 31.944 GC heap before
{Heap before GC invocations=15 (full 0):
 garbage-first heap   total 129024K, used 102983K [0x0000000080000000, 0x0000000100000000)
  region size 1024K, 50 young (51200K), 4 survivors (4096K)
 Metaspace       used 67367K, capacity 68974K, committed 69072K, reserved 1110016K
  class space    used 8482K, capacity 9082K, committed 9088K, reserved 1048576K
}
Event: 31.953 GC heap after
{Heap after GC invocations=16 (full 0):
 garbage-first heap   total 129024K, used 59079K [0x0000000080000000, 0x0000000100000000)
  region size 1024K, 4 young (4096K), 4 survivors (4096K)
 Metaspace       used 67367K, capacity 68974K, committed 69072K, reserved 1110016K
  class space    used 8482K, capacity 9082K, committed 9088K, reserved 1048576K
}
Event: 33.109 GC heap before
{Heap before GC invocations=16 (full 0):
 garbage-first heap   total 129024K, used 103111K [0x0000000080000000, 0x0000000100000000)
  region size 1024K, 47 young (48128K), 4 survivors (4096K)
 Metaspace       used 71448K, capacity 73153K, committed 73424K, reserved 1114112K
  class space    used 9182K, capacity 9805K, committed 9856K, reserved 1048576K
}
Event: 33.116 GC heap after
{Heap after GC invocations=17 (full 0):
 garbage-first heap   total 129024K, used 61562K [0x0000000080000000, 0x0000000100000000)
  region size 1024K, 6 young (6144K), 6 survivors (6144K)
 Metaspace       used 71448K, capacity 73153K, committed 73424K, reserved 1114112K
  class space    used 9182K, capacity 9805K, committed 9856K, reserved 1048576K
}
Event: 33.715 GC heap before
{Heap before GC invocations=17 (full 0):
 garbage-first heap   total 129024K, used 104570K [0x0000000080000000, 0x0000000100000000)
  region size 1024K, 48 young (49152K), 6 survivors (6144K)
 Metaspace       used 73201K, capacity 74954K, committed 75216K, reserved 1114112K
  class space    used 9452K, capacity 10058K, committed 10112K, reserved 1048576K
}
Event: 33.725 GC heap after
{Heap after GC invocations=18 (full 0):
 garbage-first heap   total 129024K, used 64711K [0x0000000080000000, 0x0000000100000000)
  region size 1024K, 6 young (6144K), 6 survivors (6144K)
 Metaspace       used 73201K, capacity 74954K, committed 75216K, reserved 1114112K
  class space    used 9452K, capacity 10058K, committed 10112K, reserved 1048576K
}

